<?xml version="1.0" encoding="UTF-8"?>
<!-- Generated by org.testng.reporters.JUnitReportReporter -->
<testsuite hostname="DESKTOP-QTQGH1B" name="com.automation.dental.tests.FindDentist" tests="1" failures="0" timestamp="7 May 2023 06:06:37 GMT" time="40.523" errors="0">
  <testcase name="findDentist" time="40.523" classname="com.automation.dental.tests.FindDentist"/>
</testsuite> <!-- com.automation.dental.tests.FindDentist -->
