<?xml version="1.0" encoding="UTF-8"?>
<!-- Generated by org.testng.reporters.JUnitReportReporter -->
<testsuite hostname="DESKTOP-QTQGH1B" name="com.automation.dental.tests.LoginErrorValidation" tests="3" failures="0" timestamp="8 May 2023 23:45:39 GMT" time="44.105" errors="0">
  <testcase name="LoginWithInvalidEmailAndPassword" time="15.035" classname="com.automation.dental.tests.LoginErrorValidation"/>
  <testcase name="LoginWithEmptyEmailAndPassword" time="12.925" classname="com.automation.dental.tests.LoginErrorValidation"/>
  <testcase name="LoginWithInvalidEmailAndPassword" time="16.145" classname="com.automation.dental.tests.LoginErrorValidation"/>
</testsuite> <!-- com.automation.dental.tests.LoginErrorValidation -->
