<?xml version="1.0" encoding="UTF-8"?>
<!-- Generated by org.testng.reporters.JUnitReportReporter -->
<testsuite hostname="DESKTOP-QTQGH1B" name="Demo1" tests="1" failures="0" timestamp="6 May 2023 22:04:53 GMT" time="21.004" errors="0">
  <testcase name="member" time="21.004" classname="Demo1"/>
</testsuite> <!-- Demo1 -->
