<?xml version="1.0" encoding="UTF-8"?>
<!-- Generated by org.testng.reporters.JUnitReportReporter -->
<testsuite hostname="DESKTOP-QTQGH1B" name="com.automation.dental.tests.MemberToolsValiation" tests="1" failures="0" timestamp="7 May 2023 01:14:39 GMT" time="24.069" errors="0">
  <testcase name="member" time="24.069" classname="com.automation.dental.tests.MemberToolsValiation"/>
</testsuite> <!-- com.automation.dental.tests.MemberToolsValiation -->
