<?xml version="1.0" encoding="UTF-8"?>
<!-- Generated by org.testng.reporters.JUnitReportReporter -->
<testsuite hostname="DESKTOP-QTQGH1B" name="com.automation.dental.tests.CostEstimatorErrorValidation" tests="1" failures="0" timestamp="7 May 2023 05:04:08 GMT" time="26.907" errors="0">
  <testcase name="costEstimateWithoutTreatmentType" time="26.907" classname="com.automation.dental.tests.CostEstimatorErrorValidation"/>
</testsuite> <!-- com.automation.dental.tests.CostEstimatorErrorValidation -->
