<?xml version="1.0" encoding="UTF-8"?>
<!-- Generated by org.testng.reporters.JUnitReportReporter -->
<testsuite hostname="DESKTOP-QTQGH1B" name="com.automation.dental.tests.Demo" tests="1" failures="0" timestamp="7 May 2023 17:40:36 GMT" time="6.071" errors="0">
  <testcase name="getAdvantage" time="6.071" classname="com.automation.dental.tests.Demo"/>
</testsuite> <!-- com.automation.dental.tests.Demo -->
