<?xml version="1.0" encoding="UTF-8"?>
<!-- Generated by org.testng.reporters.JUnitReportReporter -->
<testsuite hostname="DESKTOP-QTQGH1B" name="com.automation.dental.tests.SearchEPODentist" tests="7" failures="0" timestamp="8 May 2023 23:45:39 GMT" time="40.198" errors="0">
  <testcase name="searchEPODentistWithEmptyInformation" time="5.033" classname="com.automation.dental.tests.SearchEPODentist"/>
  <testcase name="searchEPODentistWithOnlyDentistName" time="6.247" classname="com.automation.dental.tests.SearchEPODentist"/>
  <testcase name="searchEPODentistWithBasicInformation" time="6.041" classname="com.automation.dental.tests.SearchEPODentist"/>
  <testcase name="searchEPODentistWithAllInformation" time="6.027" classname="com.automation.dental.tests.SearchEPODentist"/>
  <testcase name="searchEPODentistWithOnlyDentistName" time="5.712" classname="com.automation.dental.tests.SearchEPODentist"/>
  <testcase name="searchEPODentistWithBasicInformation" time="5.724" classname="com.automation.dental.tests.SearchEPODentist"/>
  <testcase name="searchEPODentistWithBasicInformation" time="5.414" classname="com.automation.dental.tests.SearchEPODentist"/>
</testsuite> <!-- com.automation.dental.tests.SearchEPODentist -->
