<?xml version="1.0" encoding="UTF-8"?>
<!-- Generated by org.testng.reporters.JUnitReportReporter -->
<testsuite hostname="DESKTOP-QTQGH1B" name="com.automation.dental.tests.RegisterAccount" tests="1" failures="0" timestamp="7 May 2023 00:53:54 GMT" time="21.615" errors="0">
  <testcase name="registerNewAccount" time="21.615" classname="com.automation.dental.tests.RegisterAccount"/>
</testsuite> <!-- com.automation.dental.tests.RegisterAccount -->
