<?xml version="1.0" encoding="UTF-8"?>
<!-- Generated by org.testng.reporters.JUnitReportReporter -->
<testsuite hostname="DESKTOP-QTQGH1B" name="com.automation.dental.tests.RegisterErrorValidation" tests="2" failures="0" timestamp="8 May 2023 23:45:39 GMT" time="21.107" errors="0">
  <testcase name="verifyRegisterWithEmptyInformation" time="10.198" classname="com.automation.dental.tests.RegisterErrorValidation"/>
  <testcase name="verifyRegisterWithInvalidInformation" time="10.909" classname="com.automation.dental.tests.RegisterErrorValidation"/>
</testsuite> <!-- com.automation.dental.tests.RegisterErrorValidation -->
