<?xml version="1.0" encoding="UTF-8"?>
<!-- Generated by org.testng.reporters.JUnitReportReporter -->
<testsuite hostname="DESKTOP-QTQGH1B" name="com.automation.dental.tests.RegisterPageValidation" tests="1" failures="0" timestamp="8 May 2023 23:45:39 GMT" time="9.323" errors="0">
  <testcase name="verifyLoginRegisterPageSuccessfully" time="9.323" classname="com.automation.dental.tests.RegisterPageValidation"/>
</testsuite> <!-- com.automation.dental.tests.RegisterPageValidation -->
