<?xml version="1.0" encoding="UTF-8"?>
<!-- Generated by org.testng.reporters.JUnitReportReporter -->
<testsuite hostname="DESKTOP-QTQGH1B" name="com.automation.dental.tests.Demo1" tests="1" failures="0" timestamp="6 May 2023 23:12:47 GMT" time="12.468" errors="0">
  <testcase name="Login" time="12.468" classname="com.automation.dental.tests.Demo1"/>
</testsuite> <!-- com.automation.dental.tests.Demo1 -->
